Arguments: 
  /usr/bin/node /usr/share/yarn/bin/yarn.js install

PATH: 
  /home/iskander/bin:/home/iskander/.local/bin:/home/iskander/bin:/home/iskander/.local/bin:/usr/local/sbin:/usr/local/bin:/usr/sbin:/usr/bin:/sbin:/bin:/usr/games:/usr/local/games:/snap/bin

Yarn version: 
  1.5.1

Node version: 
  9.11.1

Platform: 
  linux x64

npm manifest: 
  {
    "name": "application",
    "version": "1.0.0",
    "description": "",
    "main": "index.js",
    "scripts": {
      "start": "webpack-dev-server --mode development --open",
      "build": "webpack --mode production"
    },
    "keywords": [],
    "author": "",
    "license": "ISC",
    "devDependencies": {
      "babel-core": "^6.26.0",
      "babel-loader": "^7.1.4",
      "babel-preset-env": "^1.6.1",
      "babel-preset-react": "^6.24.1",
      "css-loader": "^0.28.11",
      "html-webpack-plugin": "^3.2.0",
      "style-loader": "^0.21.0",
      "webpack": "^4.6.0",
      "webpack-cli": "^2.0.15",
      "webpack-dev-server": "^3.1.3"
    },
    "dependencies": {
      "react": "^16.3.2",
      "react-dom": "^16.3.2",
      "react-input-mask": "^1.2.2"
    }
  }

yarn manifest: 
  No manifest

Lockfile: 
  No lockfile

Trace: 
  Error: https://registry.yarnpkg.com/yeoman-generator/-/yeoman-generator-2.0.4.tgz: ETIMEDOUT
      at Timeout._onTimeout (/usr/share/yarn/lib/cli.js:133094:19)
      at ontimeout (timers.js:466:11)
      at tryOnTimeout (timers.js:304:5)
      at Timer.listOnTimeout (timers.js:267:5)
